c:\users\inhahrd\source\repos\nyangcoo\nyangcoo\debug\vc142.pdb
c:\users\inhahrd\source\repos\nyangcoo\nyangcoo\debug\vc142.idb
c:\users\inhahrd\source\repos\nyangcoo\nyangcoo\debug\staticobject.obj
c:\users\inhahrd\source\repos\nyangcoo\nyangcoo\debug\scenemanager.obj
c:\users\inhahrd\source\repos\nyangcoo\nyangcoo\debug\scene.obj
c:\users\inhahrd\source\repos\nyangcoo\nyangcoo\debug\object.obj
c:\users\inhahrd\source\repos\nyangcoo\nyangcoo\debug\nyangcoo.obj
c:\users\inhahrd\source\repos\nyangcoo\nyangcoo\debug\mainfrm.obj
c:\users\inhahrd\source\repos\nyangcoo\nyangcoo\debug\btn.obj
c:\users\inhahrd\source\repos\nyangcoo\nyangcoo\debug\childview.obj
c:\users\inhahrd\source\repos\nyangcoo\nyangcoo\debug\nyangcoo.pch
c:\users\inhahrd\source\repos\nyangcoo\nyangcoo\debug\pch.obj
c:\users\inhahrd\source\repos\nyangcoo\nyangcoo\debug\loginscene.obj
c:\users\inhahrd\source\repos\nyangcoo\nyangcoo\debug\gamescene.obj
c:\users\inhahrd\source\repos\nyangcoo\debug\nyangcoo.exe
c:\users\inhahrd\source\repos\nyangcoo\debug\nyangcoo.ilk
c:\users\inhahrd\source\repos\nyangcoo\debug\nyangcoo.pdb
c:\users\inhahrd\source\repos\nyangcoo\nyangcoo\debug\nyangcoo.res
c:\users\inhahrd\source\repos\nyangcoo\nyangcoo\debug\nyangcoo.tlog\cl.command.1.tlog
c:\users\inhahrd\source\repos\nyangcoo\nyangcoo\debug\nyangcoo.tlog\cl.read.1.tlog
c:\users\inhahrd\source\repos\nyangcoo\nyangcoo\debug\nyangcoo.tlog\cl.write.1.tlog
c:\users\inhahrd\source\repos\nyangcoo\nyangcoo\debug\nyangcoo.tlog\link.command.1.tlog
c:\users\inhahrd\source\repos\nyangcoo\nyangcoo\debug\nyangcoo.tlog\link.read.1.tlog
c:\users\inhahrd\source\repos\nyangcoo\nyangcoo\debug\nyangcoo.tlog\link.write.1.tlog
c:\users\inhahrd\source\repos\nyangcoo\nyangcoo\debug\nyangcoo.tlog\rc.command.1.tlog
c:\users\inhahrd\source\repos\nyangcoo\nyangcoo\debug\nyangcoo.tlog\rc.read.1.tlog
c:\users\inhahrd\source\repos\nyangcoo\nyangcoo\debug\nyangcoo.tlog\rc.write.1.tlog
